<?xml version="1.0" encoding="UTF-8"?>
<testng-results ignored="0" total="1" passed="1" failed="0" skipped="0">
  <reporter-output>
  </reporter-output>
  <suite started-at="2026-01-22T22:47:31 IST" name="Surefire suite" finished-at="2026-01-22T22:47:45 IST" duration-ms="13807">
    <groups>
    </groups>
    <test started-at="2026-01-22T22:47:31 IST" name="Surefire test" finished-at="2026-01-22T22:47:45 IST" duration-ms="13807">
      <class name="QuizTest">
        <test-method is-config="true" signature="setup()[pri:0, instance:QuizTest@20d28811]" started-at="2026-01-22T22:47:31 IST" name="setup" finished-at="2026-01-22T22:47:33 IST" duration-ms="2121" status="PASS">
          <reporter-output>
          </reporter-output>
        </test-method> <!-- setup -->
        <test-method signature="automateQuizApplication()[pri:0, instance:QuizTest@20d28811]" started-at="2026-01-22T22:47:33 IST" name="automateQuizApplication" finished-at="2026-01-22T22:47:45 IST" duration-ms="11288" status="PASS">
          <reporter-output>
          </reporter-output>
        </test-method> <!-- automateQuizApplication -->
        <test-method is-config="true" signature="tearDown()[pri:0, instance:QuizTest@20d28811]" started-at="2026-01-22T22:47:45 IST" name="tearDown" finished-at="2026-01-22T22:47:45 IST" duration-ms="350" status="PASS">
          <reporter-output>
          </reporter-output>
        </test-method> <!-- tearDown -->
      </class> <!-- QuizTest -->
    </test> <!-- Surefire test -->
  </suite> <!-- Surefire suite -->
</testng-results>
